<?xml version="1.0" encoding="UTF-8"?>
<testsuite name="com.falcon.ipc.core.ServiceRegistryTest" tests="4" skipped="0" failures="0" errors="0" timestamp="2026-06-16T11:07:04" hostname="xianxiaolideiMac.local" time="0.0">
  <properties/>
  <testcase name="getAllServices returns all registered" classname="com.falcon.ipc.core.ServiceRegistryTest" time="0.0"/>
  <testcase name="getService returns null for unregistered" classname="com.falcon.ipc.core.ServiceRegistryTest" time="0.0"/>
  <testcase name="unregisterAll clears registry" classname="com.falcon.ipc.core.ServiceRegistryTest" time="0.0"/>
  <testcase name="register and retrieve service" classname="com.falcon.ipc.core.ServiceRegistryTest" time="0.0"/>
  <system-out><![CDATA[]]></system-out>
  <system-err><![CDATA[]]></system-err>
</testsuite>
