<?xml version="1.0" encoding="UTF-8"?>
<testsuite name="com.falcon.ipc.security.SignatureGuardTest" tests="2" skipped="0" failures="0" errors="0" timestamp="2026-06-16T11:07:04" hostname="xianxiaolideiMac.local" time="0.967">
  <properties/>
  <testcase name="verify returns false for different UID" classname="com.falcon.ipc.security.SignatureGuardTest" time="0.96"/>
  <testcase name="verify returns true for same UID" classname="com.falcon.ipc.security.SignatureGuardTest" time="0.007"/>
  <system-out><![CDATA[WARNING: No manifest file found at ./AndroidManifest.xml.
Falling back to the Android OS resources only.
To remove this warning, annotate your test class with @Config(manifest=Config.NONE).
]]></system-out>
  <system-err><![CDATA[No such manifest file: ./AndroidManifest.xml
]]></system-err>
</testsuite>
