<?xml version="1.0" encoding="UTF-8"?>
<testsuite name="com.falcon.ipc.security.RateLimiterTest" tests="5" skipped="0" failures="0" errors="0" timestamp="2026-06-16T11:07:04" hostname="xianxiaolideiMac.local" time="0.001">
  <properties/>
  <testcase name="allows calls within limit" classname="com.falcon.ipc.security.RateLimiterTest" time="0.0"/>
  <testcase name="rejects calls exceeding concurrent limit" classname="com.falcon.ipc.security.RateLimiterTest" time="0.001"/>
  <testcase name="rejects calls exceeding rate limit" classname="com.falcon.ipc.security.RateLimiterTest" time="0.0"/>
  <testcase name="different PIDs have independent limits" classname="com.falcon.ipc.security.RateLimiterTest" time="0.0"/>
  <testcase name="resetCounters allows new calls" classname="com.falcon.ipc.security.RateLimiterTest" time="0.0"/>
  <system-out><![CDATA[]]></system-out>
  <system-err><![CDATA[]]></system-err>
</testsuite>
